gcc -c ./sources/*.c
mv *.o ./objects/
gcc -o rhohls.filler ./objects/*.o ./libft/libft.a main.c
#./objects/*.c
./fill.sh
# -------------- VM  version 1.1 ------------- #
#                                              #
# 42 / filler VM Developped by: Hcao - Abanlin #
#                                              #
# -------------------------------------------- #
launched ./rhohls.filler
$$$ exec p1 : [./rhohls.filler]
launched ./f_res/players/carli.filler
$$$ exec p2 : [./f_res/players/carli.filler]
Plateau 15 17:
    01234567890123456
000 .................
001 .................
002 .................
003 .................
004 .................
005 .................
006 .................
007 .................
008 ..O..............
009 .................
010 .................
011 .................
012 ..............X..
013 .................
014 .................
Piece 1 3:
.**
<got (O): [8, 0]
Plateau 15 17:
    01234567890123456
000 .................
001 .................
002 .................
003 .................
004 .................
005 .................
006 .................
007 .................
008 .oo..............
009 .................
010 .................
011 .................
012 ..............X..
013 .................
014 .................
Piece 2 3:
*..
*..
<got (X): [12, 14]
Plateau 15 17:
    01234567890123456
000 .................
001 .................
002 .................
003 .................
004 .................
005 .................
006 .................
007 .................
008 .OO..............
009 .................
010 .................
011 .................
012 ..............x..
013 ..............x..
014 .................
Piece 2 1:
*
*
<got (O): [7, 1]
Plateau 15 17:
    01234567890123456
000 .................
001 .................
002 .................
003 .................
004 .................
005 .................
006 .................
007 .o...............
008 .oO..............
009 .................
010 .................
011 .................
012 ..............X..
013 ..............X..
014 .................
Piece 1 3:
.**
<got (X): [13, 13]
Plateau 15 17:
    01234567890123456
000 .................
001 .................
002 .................
003 .................
004 .................
005 .................
006 .................
007 .O...............
008 .OO..............
009 .................
010 .................
011 .................
012 ..............X..
013 ..............xx.
014 .................
Piece 1 3:
***
<got (O): [7, 0]
Plateau 15 17:
    01234567890123456
000 .................
001 .................
002 .................
003 .................
004 .................
005 .................
006 .................
007 ooo..............
008 .OO..............
009 .................
010 .................
011 .................
012 ..............X..
013 ..............XX.
014 .................
Piece 2 2:
**
.*
<got (X): [13, 15]
Plateau 15 17:
    01234567890123456
000 .................
001 .................
002 .................
003 .................
004 .................
005 .................
006 .................
007 OOO..............
008 .OO..............
009 .................
010 .................
011 .................
012 ..............X..
013 ..............Xxx
014 ................x
Piece 2 1:
*
*
<got (O): [6, 0]
Plateau 15 17:
    01234567890123456
000 .................
001 .................
002 .................
003 .................
004 .................
005 .................
006 o................
007 oOO..............
008 .OO..............
009 .................
010 .................
011 .................
012 ..............X..
013 ..............XXX
014 ................X
Piece 2 3:
.*.
***
<got (X): [13, 13]
Plateau 15 17:
    01234567890123456
000 .................
001 .................
002 .................
003 .................
004 .................
005 .................
006 O................
007 OOO..............
008 .OO..............
009 .................
010 .................
011 .................
012 ..............X..
013 ..............xXX
014 .............xxxX
Piece 1 3:
.**
<got (O): [7, 1]
Plateau 15 17:
    01234567890123456
000 .................
001 .................
002 .................
003 .................
004 .................
005 .................
006 O................
007 OOoo.............
008 .OO..............
009 .................
010 .................
011 .................
012 ..............X..
013 ..............XXX
014 .............XXXX
Piece 2 3:
*..
*..
<got (X): [11, 14]
Plateau 15 17:
    01234567890123456
000 .................
001 .................
002 .................
003 .................
004 .................
005 .................
006 O................
007 OOOO.............
008 .OO..............
009 .................
010 .................
011 ..............x..
012 ..............x..
013 ..............XXX
014 .............XXXX
Piece 1 3:
***
<got (O): [6, 0]
Plateau 15 17:
    01234567890123456
000 .................
001 .................
002 .................
003 .................
004 .................
005 .................
006 ooo..............
007 OOOO.............
008 .OO..............
009 .................
010 .................
011 ..............X..
012 ..............X..
013 ..............XXX
014 .............XXXX
Piece 2 1:
*
*
<got (X): [13, 13]
Plateau 15 17:
    01234567890123456
000 .................
001 .................
002 .................
003 .................
004 .................
005 .................
006 OOO..............
007 OOOO.............
008 .OO..............
009 .................
010 .................
011 ..............X..
012 ..............X..
013 .............xXXX
014 .............xXXX
Piece 2 1:
*
*
<got (O): [5, 0]
Plateau 15 17:
    01234567890123456
000 .................
001 .................
002 .................
003 .................
004 .................
005 o................
006 oOO..............
007 OOOO.............
008 .OO..............
009 .................
010 .................
011 ..............X..
012 ..............X..
013 .............XXXX
014 .............XXXX
Piece 2 1:
*
*
<got (X): [12, 16]
Plateau 15 17:
    01234567890123456
000 .................
001 .................
002 .................
003 .................
004 .................
005 O................
006 OOO..............
007 OOOO.............
008 .OO..............
009 .................
010 .................
011 ..............X..
012 ..............X.x
013 .............XXXx
014 .............XXXX
Piece 2 3:
**.
.*.
<got (O): [5, 1]
Plateau 15 17:
    01234567890123456
000 .................
001 .................
002 .................
003 .................
004 .................
005 Ooo..............
006 OOo..............
007 OOOO.............
008 .OO..............
009 .................
010 .................
011 ..............X..
012 ..............X.X
013 .............XXXX
014 .............XXXX
Piece 1 2:
**
<got (X): [14, 12]
Plateau 15 17:
    01234567890123456
000 .................
001 .................
002 .................
003 .................
004 .................
005 OOO..............
006 OOO..............
007 OOOO.............
008 .OO..............
009 .................
010 .................
011 ..............X..
012 ..............X.X
013 .............XXXX
014 ............xxXXX
Piece 1 3:
**.
<got (O): [5, 2]
Plateau 15 17:
    01234567890123456
000 .................
001 .................
002 .................
003 .................
004 .................
005 OOoo.............
006 OOO..............
007 OOOO.............
008 .OO..............
009 .................
010 .................
011 ..............X..
012 ..............X.X
013 .............XXXX
014 ............XXXXX
Piece 2 3:
***
...
<got (X): [11, 14]
Plateau 15 17:
    01234567890123456
000 .................
001 .................
002 .................
003 .................
004 .................
005 OOOO.............
006 OOO..............
007 OOOO.............
008 .OO..............
009 .................
010 .................
011 ..............xxx
012 ..............X.X
013 .............XXXX
014 ............XXXXX
Piece 1 2:
**
<got (O): [5, 3]
Plateau 15 17:
    01234567890123456
000 .................
001 .................
002 .................
003 .................
004 .................
005 OOOoo............
006 OOO..............
007 OOOO.............
008 .OO..............
009 .................
010 .................
011 ..............XXX
012 ..............X.X
013 .............XXXX
014 ............XXXXX
Piece 1 3:
***
<got (X): [14, 10]
Plateau 15 17:
    01234567890123456
000 .................
001 .................
002 .................
003 .................
004 .................
005 OOOOO............
006 OOO..............
007 OOOO.............
008 .OO..............
009 .................
010 .................
011 ..............XXX
012 ..............X.X
013 .............XXXX
014 ..........xxxXXXX
Piece 1 3:
***
<got (O): [5, 4]
Plateau 15 17:
    01234567890123456
000 .................
001 .................
002 .................
003 .................
004 .................
005 OOOOooo..........
006 OOO..............
007 OOOO.............
008 .OO..............
009 .................
010 .................
011 ..............XXX
012 ..............X.X
013 .............XXXX
014 ..........XXXXXXX
Piece 2 3:
*..
*..
<got (X): [10, 14]
Plateau 15 17:
    01234567890123456
000 .................
001 .................
002 .................
003 .................
004 .................
005 OOOOOOO..........
006 OOO..............
007 OOOO.............
008 .OO..............
009 .................
010 ..............x..
011 ..............xXX
012 ..............X.X
013 .............XXXX
014 ..........XXXXXXX
Piece 1 3:
***
<got (O): [5, 6]
Plateau 15 17:
    01234567890123456
000 .................
001 .................
002 .................
003 .................
004 .................
005 OOOOOOooo........
006 OOO..............
007 OOOO.............
008 .OO..............
009 .................
010 ..............X..
011 ..............XXX
012 ..............X.X
013 .............XXXX
014 ..........XXXXXXX
Piece 2 2:
*.
.*
<got (X): [13, 12]
Plateau 15 17:
    01234567890123456
000 .................
001 .................
002 .................
003 .................
004 .................
005 OOOOOOOOO........
006 OOO..............
007 OOOO.............
008 .OO..............
009 .................
010 ..............X..
011 ..............XXX
012 ..............X.X
013 ............xXXXX
014 ..........XXXxXXX
Piece 2 2:
**
..
<got (O): [5, 8]
Plateau 15 17:
    01234567890123456
000 .................
001 .................
002 .................
003 .................
004 .................
005 OOOOOOOOoo.......
006 OOO..............
007 OOOO.............
008 .OO..............
009 .................
010 ..............X..
011 ..............XXX
012 ..............X.X
013 ............XXXXX
014 ..........XXXXXXX
Piece 2 3:
**.
...
<got (X): [10, 14]
Plateau 15 17:
    01234567890123456
000 .................
001 .................
002 .................
003 .................
004 .................
005 OOOOOOOOOO.......
006 OOO..............
007 OOOO.............
008 .OO..............
009 .................
010 ..............xx.
011 ..............XXX
012 ..............X.X
013 ............XXXXX
014 ..........XXXXXXX
Piece 1 3:
.**
<got (O): [5, 8]
Plateau 15 17:
    01234567890123456
000 .................
001 .................
002 .................
003 .................
004 .................
005 OOOOOOOOOoo......
006 OOO..............
007 OOOO.............
008 .OO..............
009 .................
010 ..............XX.
011 ..............XXX
012 ..............X.X
013 ............XXXXX
014 ..........XXXXXXX
Piece 2 3:
..*
**.
<got (X): [13, 9]
Plateau 15 17:
    01234567890123456
000 .................
001 .................
002 .................
003 .................
004 .................
005 OOOOOOOOOOO......
006 OOO..............
007 OOOO.............
008 .OO..............
009 .................
010 ..............XX.
011 ..............XXX
012 ..............X.X
013 ...........xXXXXX
014 .........xxXXXXXX
Piece 2 3:
.*.
.**
<got (O): [4, 9]
Plateau 15 17:
    01234567890123456
000 .................
001 .................
002 .................
003 .................
004 ..........o......
005 OOOOOOOOOOoo.....
006 OOO..............
007 OOOO.............
008 .OO..............
009 .................
010 ..............XX.
011 ..............XXX
012 ..............X.X
013 ...........XXXXXX
014 .........XXXXXXXX
Piece 2 3:
...
.**
<got (X): [9, 14]
Plateau 15 17:
    01234567890123456
000 .................
001 .................
002 .................
003 .................
004 ..........O......
005 OOOOOOOOOOOO.....
006 OOO..............
007 OOOO.............
008 .OO..............
009 .................
010 ..............Xxx
011 ..............XXX
012 ..............X.X
013 ...........XXXXXX
014 .........XXXXXXXX
Piece 2 1:
*
*
<got (O): [3, 10]
Plateau 15 17:
    01234567890123456
000 .................
001 .................
002 .................
003 ..........o......
004 ..........o......
005 OOOOOOOOOOOO.....
006 OOO..............
007 OOOO.............
008 .OO..............
009 .................
010 ..............XXX
011 ..............XXX
012 ..............X.X
013 ...........XXXXXX
014 .........XXXXXXXX
Piece 2 3:
.**
...
<got (X): [13, 9]
Plateau 15 17:
    01234567890123456
000 .................
001 .................
002 .................
003 ..........O......
004 ..........O......
005 OOOOOOOOOOOO.....
006 OOO..............
007 OOOO.............
008 .OO..............
009 .................
010 ..............XXX
011 ..............XXX
012 ..............X.X
013 ..........xxXXXXX
014 .........XXXXXXXX
Piece 2 1:
*
*
<got (O): [2, 10]
Plateau 15 17:
    01234567890123456
000 .................
001 .................
002 ..........o......
003 ..........o......
004 ..........O......
005 OOOOOOOOOOOO.....
006 OOO..............
007 OOOO.............
008 .OO..............
009 .................
010 ..............XXX
011 ..............XXX
012 ..............X.X
013 ..........XXXXXXX
014 .........XXXXXXXX
Piece 2 1:
*
*
<got (X): [9, 16]
Plateau 15 17:
    01234567890123456
000 .................
001 .................
002 ..........O......
003 ..........O......
004 ..........O......
005 OOOOOOOOOOOO.....
006 OOO..............
007 OOOO.............
008 .OO..............
009 ................x
010 ..............XXx
011 ..............XXX
012 ..............X.X
013 ..........XXXXXXX
014 .........XXXXXXXX
Piece 2 3:
...
.**
<got (O): [1, 8]
Plateau 15 17:
    01234567890123456
000 .................
001 .................
002 .........oo......
003 ..........O......
004 ..........O......
005 OOOOOOOOOOOO.....
006 OOO..............
007 OOOO.............
008 .OO..............
009 ................X
010 ..............XXX
011 ..............XXX
012 ..............X.X
013 ..........XXXXXXX
014 .........XXXXXXXX
Piece 2 2:
*.
**
<got (X): [13, 8]
Plateau 15 17:
    01234567890123456
000 .................
001 .................
002 .........OO......
003 ..........O......
004 ..........O......
005 OOOOOOOOOOOO.....
006 OOO..............
007 OOOO.............
008 .OO..............
009 ................X
010 ..............XXX
011 ..............XXX
012 ..............X.X
013 ........x.XXXXXXX
014 ........xxXXXXXXX
Piece 2 1:
*
*
<got (O): [1, 9]
Plateau 15 17:
    01234567890123456
000 .................
001 .........o.......
002 .........oO......
003 ..........O......
004 ..........O......
005 OOOOOOOOOOOO.....
006 OOO..............
007 OOOO.............
008 .OO..............
009 ................X
010 ..............XXX
011 ..............XXX
012 ..............X.X
013 ........X.XXXXXXX
014 ........XXXXXXXXX
Piece 1 3:
***
<got (X): [9, 14]
Plateau 15 17:
    01234567890123456
000 .................
001 .........O.......
002 .........OO......
003 ..........O......
004 ..........O......
005 OOOOOOOOOOOO.....
006 OOO..............
007 OOOO.............
008 .OO..............
009 ..............xxx
010 ..............XXX
011 ..............XXX
012 ..............X.X
013 ........X.XXXXXXX
014 ........XXXXXXXXX
Piece 1 3:
***
<got (O): [1, 7]
Plateau 15 17:
    01234567890123456
000 .................
001 .......ooo.......
002 .........OO......
003 ..........O......
004 ..........O......
005 OOOOOOOOOOOO.....
006 OOO..............
007 OOOO.............
008 .OO..............
009 ..............XXX
010 ..............XXX
011 ..............XXX
012 ..............X.X
013 ........X.XXXXXXX
014 ........XXXXXXXXX
Piece 2 2:
**
..
<got (X): [13, 9]
Plateau 15 17:
    01234567890123456
000 .................
001 .......OOO.......
002 .........OO......
003 ..........O......
004 ..........O......
005 OOOOOOOOOOOO.....
006 OOO..............
007 OOOO.............
008 .OO..............
009 ..............XXX
010 ..............XXX
011 ..............XXX
012 ..............X.X
013 ........XxxXXXXXX
014 ........XXXXXXXXX
Piece 1 2:
**
<got (O): [1, 6]
Plateau 15 17:
    01234567890123456
000 .................
001 ......ooOO.......
002 .........OO......
003 ..........O......
004 ..........O......
005 OOOOOOOOOOOO.....
006 OOO..............
007 OOOO.............
008 .OO..............
009 ..............XXX
010 ..............XXX
011 ..............XXX
012 ..............X.X
013 ........XXXXXXXXX
014 ........XXXXXXXXX
Piece 1 2:
**
<got (X): [12, 15]
Plateau 15 17:
    01234567890123456
000 .................
001 ......OOOO.......
002 .........OO......
003 ..........O......
004 ..........O......
005 OOOOOOOOOOOO.....
006 OOO..............
007 OOOO.............
008 .OO..............
009 ..............XXX
010 ..............XXX
011 ..............XXX
012 ..............Xxx
013 ........XXXXXXXXX
014 ........XXXXXXXXX
Piece 1 3:
.**
<got (O): [1, 4]
Plateau 15 17:
    01234567890123456
000 .................
001 .....ooOOO.......
002 .........OO......
003 ..........O......
004 ..........O......
005 OOOOOOOOOOOO.....
006 OOO..............
007 OOOO.............
008 .OO..............
009 ..............XXX
010 ..............XXX
011 ..............XXX
012 ..............XXX
013 ........XXXXXXXXX
014 ........XXXXXXXXX
Piece 2 3:
**.
...
<got (X): [13, 7]
Plateau 15 17:
    01234567890123456
000 .................
001 .....OOOOO.......
002 .........OO......
003 ..........O......
004 ..........O......
005 OOOOOOOOOOOO.....
006 OOO..............
007 OOOO.............
008 .OO..............
009 ..............XXX
010 ..............XXX
011 ..............XXX
012 ..............XXX
013 .......xxXXXXXXXX
014 ........XXXXXXXXX
Piece 2 3:
*..
*..
<got (O): [0, 5]
Plateau 15 17:
    01234567890123456
000 .....o...........
001 .....oOOOO.......
002 .........OO......
003 ..........O......
004 ..........O......
005 OOOOOOOOOOOO.....
006 OOO..............
007 OOOO.............
008 .OO..............
009 ..............XXX
010 ..............XXX
011 ..............XXX
012 ..............XXX
013 .......XXXXXXXXXX
014 ........XXXXXXXXX
Piece 2 1:
*
*
<got (X): [8, 16]
Plateau 15 17:
    01234567890123456
000 .....O...........
001 .....OOOOO.......
002 .........OO......
003 ..........O......
004 ..........O......
005 OOOOOOOOOOOO.....
006 OOO..............
007 OOOO.............
008 .OO.............x
009 ..............XXx
010 ..............XXX
011 ..............XXX
012 ..............XXX
013 .......XXXXXXXXXX
014 ........XXXXXXXXX
Piece 1 3:
***
<got (O): [0, 3]
Plateau 15 17:
    01234567890123456
000 ...ooo...........
001 .....OOOOO.......
002 .........OO......
003 ..........O......
004 ..........O......
005 OOOOOOOOOOOO.....
006 OOO..............
007 OOOO.............
008 .OO.............X
009 ..............XXX
010 ..............XXX
011 ..............XXX
012 ..............XXX
013 .......XXXXXXXXXX
014 ........XXXXXXXXX
Piece 1 3:
.**
<got (X): [14, 6]
Plateau 15 17:
    01234567890123456
000 ...OOO...........
001 .....OOOOO.......
002 .........OO......
003 ..........O......
004 ..........O......
005 OOOOOOOOOOOO.....
006 OOO..............
007 OOOO.............
008 .OO.............X
009 ..............XXX
010 ..............XXX
011 ..............XXX
012 ..............XXX
013 .......XXXXXXXXXX
014 .......xxXXXXXXXX
Piece 1 2:
**
<got (O): [0, 2]
Plateau 15 17:
    01234567890123456
000 ..ooOO...........
001 .....OOOOO.......
002 .........OO......
003 ..........O......
004 ..........O......
005 OOOOOOOOOOOO.....
006 OOO..............
007 OOOO.............
008 .OO.............X
009 ..............XXX
010 ..............XXX
011 ..............XXX
012 ..............XXX
013 .......XXXXXXXXXX
014 .......XXXXXXXXXX
Piece 2 2:
..
**
<got (X): [7, 15]
Plateau 15 17:
    01234567890123456
000 ..OOOO...........
001 .....OOOOO.......
002 .........OO......
003 ..........O......
004 ..........O......
005 OOOOOOOOOOOO.....
006 OOO..............
007 OOOO.............
008 .OO............xx
009 ..............XXX
010 ..............XXX
011 ..............XXX
012 ..............XXX
013 .......XXXXXXXXXX
014 .......XXXXXXXXXX
Piece 2 2:
.*
**
<got (O): [0, 1]
Plateau 15 17:
    01234567890123456
000 ..oOOO...........
001 .oo..OOOOO.......
002 .........OO......
003 ..........O......
004 ..........O......
005 OOOOOOOOOOOO.....
006 OOO..............
007 OOOO.............
008 .OO............XX
009 ..............XXX
010 ..............XXX
011 ..............XXX
012 ..............XXX
013 .......XXXXXXXXXX
014 .......XXXXXXXXXX
Piece 2 2:
..
**
<got (X): [13, 6]
Plateau 15 17:
    01234567890123456
000 ..OOOO...........
001 .OO..OOOOO.......
002 .........OO......
003 ..........O......
004 ..........O......
005 OOOOOOOOOOOO.....
006 OOO..............
007 OOOO.............
008 .OO............XX
009 ..............XXX
010 ..............XXX
011 ..............XXX
012 ..............XXX
013 .......XXXXXXXXXX
014 ......xxXXXXXXXXX
Piece 2 2:
.*
**
<got (O): [0, 0]
Plateau 15 17:
    01234567890123456
000 .oOOOO...........
001 ooO..OOOOO.......
002 .........OO......
003 ..........O......
004 ..........O......
005 OOOOOOOOOOOO.....
006 OOO..............
007 OOOO.............
008 .OO............XX
009 ..............XXX
010 ..............XXX
011 ..............XXX
012 ..............XXX
013 .......XXXXXXXXXX
014 ......XXXXXXXXXXX
Piece 1 3:
**.
<got (X): [8, 14]
Plateau 15 17:
    01234567890123456
000 .OOOOO...........
001 OOO..OOOOO.......
002 .........OO......
003 ..........O......
004 ..........O......
005 OOOOOOOOOOOO.....
006 OOO..............
007 OOOO.............
008 .OO...........xxX
009 ..............XXX
010 ..............XXX
011 ..............XXX
012 ..............XXX
013 .......XXXXXXXXXX
014 ......XXXXXXXXXXX
Piece 1 2:
**
<got (O): [0, 0]
Plateau 15 17:
    01234567890123456
000 ooOOOO...........
001 OOO..OOOOO.......
002 .........OO......
003 ..........O......
004 ..........O......
005 OOOOOOOOOOOO.....
006 OOO..............
007 OOOO.............
008 .OO...........XXX
009 ..............XXX
010 ..............XXX
011 ..............XXX
012 ..............XXX
013 .......XXXXXXXXXX
014 ......XXXXXXXXXXX
Piece 2 2:
*.
*.
<got (X): [13, 6]
Plateau 15 17:
    01234567890123456
000 OOOOOO...........
001 OOO..OOOOO.......
002 .........OO......
003 ..........O......
004 ..........O......
005 OOOOOOOOOOOO.....
006 OOO..............
007 OOOO.............
008 .OO...........XXX
009 ..............XXX
010 ..............XXX
011 ..............XXX
012 ..............XXX
013 ......xXXXXXXXXXX
014 ......xXXXXXXXXXX
Piece 1 3:
.**
<got (O): [0, 4]
Plateau 15 17:
    01234567890123456
000 OOOOOoo..........
001 OOO..OOOOO.......
002 .........OO......
003 ..........O......
004 ..........O......
005 OOOOOOOOOOOO.....
006 OOO..............
007 OOOO.............
008 .OO...........XXX
009 ..............XXX
010 ..............XXX
011 ..............XXX
012 ..............XXX
013 ......XXXXXXXXXXX
014 ......XXXXXXXXXXX
Piece 2 1:
*
*
<got (X): [7, 16]
Plateau 15 17:
    01234567890123456
000 OOOOOOO..........
001 OOO..OOOOO.......
002 .........OO......
003 ..........O......
004 ..........O......
005 OOOOOOOOOOOO.....
006 OOO..............
007 OOOO............x
008 .OO...........XXx
009 ..............XXX
010 ..............XXX
011 ..............XXX
012 ..............XXX
013 ......XXXXXXXXXXX
014 ......XXXXXXXXXXX
Piece 1 2:
**
<got (O): [0, 6]
Plateau 15 17:
    01234567890123456
000 OOOOOOoo.........
001 OOO..OOOOO.......
002 .........OO......
003 ..........O......
004 ..........O......
005 OOOOOOOOOOOO.....
006 OOO..............
007 OOOO............X
008 .OO...........XXX
009 ..............XXX
010 ..............XXX
011 ..............XXX
012 ..............XXX
013 ......XXXXXXXXXXX
014 ......XXXXXXXXXXX
Piece 2 3:
.**
.**
<got (X): [12, 4]
Plateau 15 17:
    01234567890123456
000 OOOOOOOO.........
001 OOO..OOOOO.......
002 .........OO......
003 ..........O......
004 ..........O......
005 OOOOOOOOOOOO.....
006 OOO..............
007 OOOO............X
008 .OO...........XXX
009 ..............XXX
010 ..............XXX
011 ..............XXX
012 .....xx.......XXX
013 .....xxXXXXXXXXXX
014 ......XXXXXXXXXXX
Piece 1 2:
**
<got (O): [0, 7]
Plateau 15 17:
    01234567890123456
000 OOOOOOOoo........
001 OOO..OOOOO.......
002 .........OO......
003 ..........O......
004 ..........O......
005 OOOOOOOOOOOO.....
006 OOO..............
007 OOOO............X
008 .OO...........XXX
009 ..............XXX
010 ..............XXX
011 ..............XXX
012 .....XX.......XXX
013 .....XXXXXXXXXXXX
014 ......XXXXXXXXXXX
Piece 1 2:
**
<got (X): [7, 15]
Plateau 15 17:
    01234567890123456
000 OOOOOOOOO........
001 OOO..OOOOO.......
002 .........OO......
003 ..........O......
004 ..........O......
005 OOOOOOOOOOOO.....
006 OOO..............
007 OOOO...........xx
008 .OO...........XXX
009 ..............XXX
010 ..............XXX
011 ..............XXX
012 .....XX.......XXX
013 .....XXXXXXXXXXXX
014 ......XXXXXXXXXXX
Piece 2 1:
*
*
<got (O): [0, 3]
Plateau 15 17:
    01234567890123456
000 OOOoOOOOO........
001 OOOo.OOOOO.......
002 .........OO......
003 ..........O......
004 ..........O......
005 OOOOOOOOOOOO.....
006 OOO..............
007 OOOO...........XX
008 .OO...........XXX
009 ..............XXX
010 ..............XXX
011 ..............XXX
012 .....XX.......XXX
013 .....XXXXXXXXXXXX
014 ......XXXXXXXXXXX
Piece 2 1:
*
*
<got (X): [13, 5]
Plateau 15 17:
    01234567890123456
000 OOOOOOOOO........
001 OOOO.OOOOO.......
002 .........OO......
003 ..........O......
004 ..........O......
005 OOOOOOOOOOOO.....
006 OOO..............
007 OOOO...........XX
008 .OO...........XXX
009 ..............XXX
010 ..............XXX
011 ..............XXX
012 .....XX.......XXX
013 .....xXXXXXXXXXXX
014 .....xXXXXXXXXXXX
Piece 1 3:
***
<got (O): [0, 8]
Plateau 15 17:
    01234567890123456
000 OOOOOOOOooo......
001 OOOO.OOOOO.......
002 .........OO......
003 ..........O......
004 ..........O......
005 OOOOOOOOOOOO.....
006 OOO..............
007 OOOO...........XX
008 .OO...........XXX
009 ..............XXX
010 ..............XXX
011 ..............XXX
012 .....XX.......XXX
013 .....XXXXXXXXXXXX
014 .....XXXXXXXXXXXX
Piece 2 3:
...
.**
<got (X): [6, 13]
Plateau 15 17:
    01234567890123456
000 OOOOOOOOOOO......
001 OOOO.OOOOO.......
002 .........OO......
003 ..........O......
004 ..........O......
005 OOOOOOOOOOOO.....
006 OOO..............
007 OOOO..........xxX
008 .OO...........XXX
009 ..............XXX
010 ..............XXX
011 ..............XXX
012 .....XX.......XXX
013 .....XXXXXXXXXXXX
014 .....XXXXXXXXXXXX
Piece 2 3:
...
.**
<got (O): [0, 2]
Plateau 15 17:
    01234567890123456
000 OOOOOOOOOOO......
001 OOOooOOOOO.......
002 .........OO......
003 ..........O......
004 ..........O......
005 OOOOOOOOOOOO.....
006 OOO..............
007 OOOO..........XXX
008 .OO...........XXX
009 ..............XXX
010 ..............XXX
011 ..............XXX
012 .....XX.......XXX
013 .....XXXXXXXXXXXX
014 .....XXXXXXXXXXXX
Piece 1 2:
**
<got (X): [14, 4]
Plateau 15 17:
    01234567890123456
000 OOOOOOOOOOO......
001 OOOOOOOOOO.......
002 .........OO......
003 ..........O......
004 ..........O......
005 OOOOOOOOOOOO.....
006 OOO..............
007 OOOO..........XXX
008 .OO...........XXX
009 ..............XXX
010 ..............XXX
011 ..............XXX
012 .....XX.......XXX
013 .....XXXXXXXXXXXX
014 ....xxXXXXXXXXXXX
Piece 2 1:
*
*
<got (O): [0, 10]
Plateau 15 17:
    01234567890123456
000 OOOOOOOOOOo......
001 OOOOOOOOOOo......
002 .........OO......
003 ..........O......
004 ..........O......
005 OOOOOOOOOOOO.....
006 OOO..............
007 OOOO..........XXX
008 .OO...........XXX
009 ..............XXX
010 ..............XXX
011 ..............XXX
012 .....XX.......XXX
013 .....XXXXXXXXXXXX
014 ....XXXXXXXXXXXXX
Piece 2 3:
.*.
***
<got (X): [6, 12]
Plateau 15 17:
    01234567890123456
000 OOOOOOOOOOO......
001 OOOOOOOOOOO......
002 .........OO......
003 ..........O......
004 ..........O......
005 OOOOOOOOOOOO.....
006 OOO..........x...
007 OOOO........xxxXX
008 .OO...........XXX
009 ..............XXX
010 ..............XXX
011 ..............XXX
012 .....XX.......XXX
013 .....XXXXXXXXXXXX
014 ....XXXXXXXXXXXXX
Piece 2 3:
***
...
<got (O): [0, 10]
Plateau 15 17:
    01234567890123456
000 OOOOOOOOOOooo....
001 OOOOOOOOOOO......
002 .........OO......
003 ..........O......
004 ..........O......
005 OOOOOOOOOOOO.....
006 OOO..........X...
007 OOOO........XXXXX
008 .OO...........XXX
009 ..............XXX
010 ..............XXX
011 ..............XXX
012 .....XX.......XXX
013 .....XXXXXXXXXXXX
014 ....XXXXXXXXXXXXX
Piece 2 3:
*..
*..
<got (X): [13, 4]
Plateau 15 17:
    01234567890123456
000 OOOOOOOOOOOOO....
001 OOOOOOOOOOO......
002 .........OO......
003 ..........O......
004 ..........O......
005 OOOOOOOOOOOO.....
006 OOO..........X...
007 OOOO........XXXXX
008 .OO...........XXX
009 ..............XXX
010 ..............XXX
011 ..............XXX
012 .....XX.......XXX
013 ....xXXXXXXXXXXXX
014 ....xXXXXXXXXXXXX
Piece 2 2:
**
..
<got (O): [0, 12]
Plateau 15 17:
    01234567890123456
000 OOOOOOOOOOOOoo...
001 OOOOOOOOOOO......
002 .........OO......
003 ..........O......
004 ..........O......
005 OOOOOOOOOOOO.....
006 OOO..........X...
007 OOOO........XXXXX
008 .OO...........XXX
009 ..............XXX
010 ..............XXX
011 ..............XXX
012 .....XX.......XXX
013 ....XXXXXXXXXXXXX
014 ....XXXXXXXXXXXXX
Piece 1 2:
**
<got (X): [6, 13]
Plateau 15 17:
    01234567890123456
000 OOOOOOOOOOOOOO...
001 OOOOOOOOOOO......
002 .........OO......
003 ..........O......
004 ..........O......
005 OOOOOOOOOOOO.....
006 OOO..........xx..
007 OOOO........XXXXX
008 .OO...........XXX
009 ..............XXX
010 ..............XXX
011 ..............XXX
012 .....XX.......XXX
013 ....XXXXXXXXXXXXX
014 ....XXXXXXXXXXXXX
Piece 2 1:
*
*
<got (O): [0, 11]
Plateau 15 17:
    01234567890123456
000 OOOOOOOOOOOoOO...
001 OOOOOOOOOOOo.....
002 .........OO......
003 ..........O......
004 ..........O......
005 OOOOOOOOOOOO.....
006 OOO..........XX..
007 OOOO........XXXXX
008 .OO...........XXX
009 ..............XXX
010 ..............XXX
011 ..............XXX
012 .....XX.......XXX
013 ....XXXXXXXXXXXXX
014 ....XXXXXXXXXXXXX
Piece 1 3:
**.
<got (X): [14, 3]
Plateau 15 17:
    01234567890123456
000 OOOOOOOOOOOOOO...
001 OOOOOOOOOOOO.....
002 .........OO......
003 ..........O......
004 ..........O......
005 OOOOOOOOOOOO.....
006 OOO..........XX..
007 OOOO........XXXXX
008 .OO...........XXX
009 ..............XXX
010 ..............XXX
011 ..............XXX
012 .....XX.......XXX
013 ....XXXXXXXXXXXXX
014 ...xxXXXXXXXXXXXX
Piece 2 2:
**
.*
<got (O): [0, 13]
Plateau 15 17:
    01234567890123456
000 OOOOOOOOOOOOOoo..
001 OOOOOOOOOOOO..o..
002 .........OO......
003 ..........O......
004 ..........O......
005 OOOOOOOOOOOO.....
006 OOO..........XX..
007 OOOO........XXXXX
008 .OO...........XXX
009 ..............XXX
010 ..............XXX
011 ..............XXX
012 .....XX.......XXX
013 ....XXXXXXXXXXXXX
014 ...XXXXXXXXXXXXXX
Piece 2 1:
*
*
<got (X): [6, 16]
Plateau 15 17:
    01234567890123456
000 OOOOOOOOOOOOOOO..
001 OOOOOOOOOOOO..O..
002 .........OO......
003 ..........O......
004 ..........O......
005 OOOOOOOOOOOO.....
006 OOO..........XX.x
007 OOOO........XXXXx
008 .OO...........XXX
009 ..............XXX
010 ..............XXX
011 ..............XXX
012 .....XX.......XXX
013 ....XXXXXXXXXXXXX
014 ...XXXXXXXXXXXXXX
Piece 1 3:
.**
<got (O): [0, 13]
Plateau 15 17:
    01234567890123456
000 OOOOOOOOOOOOOOoo.
001 OOOOOOOOOOOO..O..
002 .........OO......
003 ..........O......
004 ..........O......
005 OOOOOOOOOOOO.....
006 OOO..........XX.X
007 OOOO........XXXXX
008 .OO...........XXX
009 ..............XXX
010 ..............XXX
011 ..............XXX
012 .....XX.......XXX
013 ....XXXXXXXXXXXXX
014 ...XXXXXXXXXXXXXX
Piece 2 2:
.*
**
<got (X): [13, 2]
Plateau 15 17:
    01234567890123456
000 OOOOOOOOOOOOOOOO.
001 OOOOOOOOOOOO..O..
002 .........OO......
003 ..........O......
004 ..........O......
005 OOOOOOOOOOOO.....
006 OOO..........XX.X
007 OOOO........XXXXX
008 .OO...........XXX
009 ..............XXX
010 ..............XXX
011 ..............XXX
012 .....XX.......XXX
013 ...xXXXXXXXXXXXXX
014 ..xxXXXXXXXXXXXXX
Piece 1 3:
.**
<got (O): [1, 10]
Plateau 15 17:
    01234567890123456
000 OOOOOOOOOOOOOOOO.
001 OOOOOOOOOOOoo.O..
002 .........OO......
003 ..........O......
004 ..........O......
005 OOOOOOOOOOOO.....
006 OOO..........XX.X
007 OOOO........XXXXX
008 .OO...........XXX
009 ..............XXX
010 ..............XXX
011 ..............XXX
012 .....XX.......XXX
013 ...XXXXXXXXXXXXXX
014 ..XXXXXXXXXXXXXXX
Piece 2 2:
**
..
<got (X): [6, 15]
Plateau 15 17:
    01234567890123456
000 OOOOOOOOOOOOOOOO.
001 OOOOOOOOOOOOO.O..
002 .........OO......
003 ..........O......
004 ..........O......
005 OOOOOOOOOOOO.....
006 OOO..........XXxx
007 OOOO........XXXXX
008 .OO...........XXX
009 ..............XXX
010 ..............XXX
011 ..............XXX
012 .....XX.......XXX
013 ...XXXXXXXXXXXXXX
014 ..XXXXXXXXXXXXXXX
Piece 2 2:
**
.*
<got (O): [1, 12]
Plateau 15 17:
    01234567890123456
000 OOOOOOOOOOOOOOOO.
001 OOOOOOOOOOOOooO..
002 .........OO..o...
003 ..........O......
004 ..........O......
005 OOOOOOOOOOOO.....
006 OOO..........XXXX
007 OOOO........XXXXX
008 .OO...........XXX
009 ..............XXX
010 ..............XXX
011 ..............XXX
012 .....XX.......XXX
013 ...XXXXXXXXXXXXXX
014 ..XXXXXXXXXXXXXXX
Piece 2 2:
.*
**
<got (X): [13, 1]
Plateau 15 17:
    01234567890123456
000 OOOOOOOOOOOOOOOO.
001 OOOOOOOOOOOOOOO..
002 .........OO..O...
003 ..........O......
004 ..........O......
005 OOOOOOOOOOOO.....
006 OOO..........XXXX
007 OOOO........XXXXX
008 .OO...........XXX
009 ..............XXX
010 ..............XXX
011 ..............XXX
012 .....XX.......XXX
013 ..xXXXXXXXXXXXXXX
014 .xxXXXXXXXXXXXXXX
Piece 1 3:
.**
<got (O): [1, 13]
Plateau 15 17:
    01234567890123456
000 OOOOOOOOOOOOOOOO.
001 OOOOOOOOOOOOOOoo.
002 .........OO..O...
003 ..........O......
004 ..........O......
005 OOOOOOOOOOOO.....
006 OOO..........XXXX
007 OOOO........XXXXX
008 .OO...........XXX
009 ..............XXX
010 ..............XXX
011 ..............XXX
012 .....XX.......XXX
013 ..XXXXXXXXXXXXXXX
014 .XXXXXXXXXXXXXXXX
Piece 1 2:
**
<got (X): [8, 13]
Plateau 15 17:
    01234567890123456
000 OOOOOOOOOOOOOOOO.
001 OOOOOOOOOOOOOOOO.
002 .........OO..O...
003 ..........O......
004 ..........O......
005 OOOOOOOOOOOO.....
006 OOO..........XXXX
007 OOOO........XXXXX
008 .OO..........xxXX
009 ..............XXX
010 ..............XXX
011 ..............XXX
012 .....XX.......XXX
013 ..XXXXXXXXXXXXXXX
014 .XXXXXXXXXXXXXXXX
Piece 2 2:
.*
**
<got (O): [1, 0]
Plateau 15 17:
    01234567890123456
000 OOOOOOOOOOOOOOOO.
001 OoOOOOOOOOOOOOOO.
002 oo.......OO..O...
003 ..........O......
004 ..........O......
005 OOOOOOOOOOOO.....
006 OOO..........XXXX
007 OOOO........XXXXX
008 .OO..........XXXX
009 ..............XXX
010 ..............XXX
011 ..............XXX
012 .....XX.......XXX
013 ..XXXXXXXXXXXXXXX
014 .XXXXXXXXXXXXXXXX
Piece 1 3:
.**
<got (X): [13, 0]
Plateau 15 17:
    01234567890123456
000 OOOOOOOOOOOOOOOO.
001 OOOOOOOOOOOOOOOO.
002 OO.......OO..O...
003 ..........O......
004 ..........O......
005 OOOOOOOOOOOO.....
006 OOO..........XXXX
007 OOOO........XXXXX
008 .OO..........XXXX
009 ..............XXX
010 ..............XXX
011 ..............XXX
012 .....XX.......XXX
013 .xxXXXXXXXXXXXXXX
014 .XXXXXXXXXXXXXXXX
Piece 2 2:
**
..
<got (O): [2, 1]
Plateau 15 17:
    01234567890123456
000 OOOOOOOOOOOOOOOO.
001 OOOOOOOOOOOOOOOO.
002 Ooo......OO..O...
003 ..........O......
004 ..........O......
005 OOOOOOOOOOOO.....
006 OOO..........XXXX
007 OOOO........XXXXX
008 .OO..........XXXX
009 ..............XXX
010 ..............XXX
011 ..............XXX
012 .....XX.......XXX
013 .XXXXXXXXXXXXXXXX
014 .XXXXXXXXXXXXXXXX
Piece 2 1:
*
*
<got (X): [5, 16]
Plateau 15 17:
    01234567890123456
000 OOOOOOOOOOOOOOOO.
001 OOOOOOOOOOOOOOOO.
002 OOO......OO..O...
003 ..........O......
004 ..........O......
005 OOOOOOOOOOOO....x
006 OOO..........XXXx
007 OOOO........XXXXX
008 .OO..........XXXX
009 ..............XXX
010 ..............XXX
011 ..............XXX
012 .....XX.......XXX
013 .XXXXXXXXXXXXXXXX
014 .XXXXXXXXXXXXXXXX
Piece 1 2:
**
<got (O): [2, 2]
Plateau 15 17:
    01234567890123456
000 OOOOOOOOOOOOOOOO.
001 OOOOOOOOOOOOOOOO.
002 OOoo.....OO..O...
003 ..........O......
004 ..........O......
005 OOOOOOOOOOOO....X
006 OOO..........XXXX
007 OOOO........XXXXX
008 .OO..........XXXX
009 ..............XXX
010 ..............XXX
011 ..............XXX
012 .....XX.......XXX
013 .XXXXXXXXXXXXXXXX
014 .XXXXXXXXXXXXXXXX
Piece 1 2:
**
<got (X): [14, 0]
Plateau 15 17:
    01234567890123456
000 OOOOOOOOOOOOOOOO.
001 OOOOOOOOOOOOOOOO.
002 OOOO.....OO..O...
003 ..........O......
004 ..........O......
005 OOOOOOOOOOOO....X
006 OOO..........XXXX
007 OOOO........XXXXX
008 .OO..........XXXX
009 ..............XXX
010 ..............XXX
011 ..............XXX
012 .....XX.......XXX
013 .XXXXXXXXXXXXXXXX
014 xxXXXXXXXXXXXXXXX
Piece 1 3:
.**
<got (O): [2, 2]
Plateau 15 17:
    01234567890123456
000 OOOOOOOOOOOOOOOO.
001 OOOOOOOOOOOOOOOO.
002 OOOoo....OO..O...
003 ..........O......
004 ..........O......
005 OOOOOOOOOOOO....X
006 OOO..........XXXX
007 OOOO........XXXXX
008 .OO..........XXXX
009 ..............XXX
010 ..............XXX
011 ..............XXX
012 .....XX.......XXX
013 .XXXXXXXXXXXXXXXX
014 XXXXXXXXXXXXXXXXX
Piece 1 3:
.**
<got (X): [5, 14]
Plateau 15 17:
    01234567890123456
000 OOOOOOOOOOOOOOOO.
001 OOOOOOOOOOOOOOOO.
002 OOOOO....OO..O...
003 ..........O......
004 ..........O......
005 OOOOOOOOOOOO...xx
006 OOO..........XXXX
007 OOOO........XXXXX
008 .OO..........XXXX
009 ..............XXX
010 ..............XXX
011 ..............XXX
012 .....XX.......XXX
013 .XXXXXXXXXXXXXXXX
014 XXXXXXXXXXXXXXXXX
Piece 2 3:
***
..*
<got (O): [2, 4]
Plateau 15 17:
    01234567890123456
000 OOOOOOOOOOOOOOOO.
001 OOOOOOOOOOOOOOOO.
002 OOOOooo..OO..O...
003 ......o...O......
004 ..........O......
005 OOOOOOOOOOOO...XX
006 OOO..........XXXX
007 OOOO........XXXXX
008 .OO..........XXXX
009 ..............XXX
010 ..............XXX
011 ..............XXX
012 .....XX.......XXX
013 .XXXXXXXXXXXXXXXX
014 XXXXXXXXXXXXXXXXX
Piece 1 2:
**
<got (X): [13, 0]
Plateau 15 17:
    01234567890123456
000 OOOOOOOOOOOOOOOO.
001 OOOOOOOOOOOOOOOO.
002 OOOOOOO..OO..O...
003 ......O...O......
004 ..........O......
005 OOOOOOOOOOOO...XX
006 OOO..........XXXX
007 OOOO........XXXXX
008 .OO..........XXXX
009 ..............XXX
010 ..............XXX
011 ..............XXX
012 .....XX.......XXX
013 xxXXXXXXXXXXXXXXX
014 XXXXXXXXXXXXXXXXX
Piece 2 1:
*
*
<got (O): [1, 7]
Plateau 15 17:
    01234567890123456
000 OOOOOOOOOOOOOOOO.
001 OOOOOOOoOOOOOOOO.
002 OOOOOOOo.OO..O...
003 ......O...O......
004 ..........O......
005 OOOOOOOOOOOO...XX
006 OOO..........XXXX
007 OOOO........XXXXX
008 .OO..........XXXX
009 ..............XXX
010 ..............XXX
011 ..............XXX
012 .....XX.......XXX
013 XXXXXXXXXXXXXXXXX
014 XXXXXXXXXXXXXXXXX
Piece 1 3:
***
<got (X): [5, 13]
Plateau 15 17:
    01234567890123456
000 OOOOOOOOOOOOOOOO.
001 OOOOOOOOOOOOOOOO.
002 OOOOOOOO.OO..O...
003 ......O...O......
004 ..........O......
005 OOOOOOOOOOOO.xxxX
006 OOO..........XXXX
007 OOOO........XXXXX
008 .OO..........XXXX
009 ..............XXX
010 ..............XXX
011 ..............XXX
012 .....XX.......XXX
013 XXXXXXXXXXXXXXXXX
014 XXXXXXXXXXXXXXXXX
Piece 2 1:
*
*
<got (O): [1, 8]
Plateau 15 17:
    01234567890123456
000 OOOOOOOOOOOOOOOO.
001 OOOOOOOOoOOOOOOO.
002 OOOOOOOOoOO..O...
003 ......O...O......
004 ..........O......
005 OOOOOOOOOOOO.XXXX
006 OOO..........XXXX
007 OOOO........XXXXX
008 .OO..........XXXX
009 ..............XXX
010 ..............XXX
011 ..............XXX
012 .....XX.......XXX
013 XXXXXXXXXXXXXXXXX
014 XXXXXXXXXXXXXXXXX
Piece 1 3:
.**
<got (X): [12, 12]
Plateau 15 17:
    01234567890123456
000 OOOOOOOOOOOOOOOO.
001 OOOOOOOOOOOOOOOO.
002 OOOOOOOOOOO..O...
003 ......O...O......
004 ..........O......
005 OOOOOOOOOOOO.XXXX
006 OOO..........XXXX
007 OOOO........XXXXX
008 .OO..........XXXX
009 ..............XXX
010 ..............XXX
011 ..............XXX
012 .....XX......xxXX
013 XXXXXXXXXXXXXXXXX
014 XXXXXXXXXXXXXXXXX
Piece 1 3:
.**
<got (O): [2, 9]
Plateau 15 17:
    01234567890123456
000 OOOOOOOOOOOOOOOO.
001 OOOOOOOOOOOOOOOO.
002 OOOOOOOOOOoo.O...
003 ......O...O......
004 ..........O......
005 OOOOOOOOOOOO.XXXX
006 OOO..........XXXX
007 OOOO........XXXXX
008 .OO..........XXXX
009 ..............XXX
010 ..............XXX
011 ..............XXX
012 .....XX......XXXX
013 XXXXXXXXXXXXXXXXX
014 XXXXXXXXXXXXXXXXX
Piece 2 3:
***
..*
<got (X): [4, 14]
Plateau 15 17:
    01234567890123456
000 OOOOOOOOOOOOOOOO.
001 OOOOOOOOOOOOOOOO.
002 OOOOOOOOOOOO.O...
003 ......O...O......
004 ..........O...xxx
005 OOOOOOOOOOOO.XXXx
006 OOO..........XXXX
007 OOOO........XXXXX
008 .OO..........XXXX
009 ..............XXX
010 ..............XXX
011 ..............XXX
012 .....XX......XXXX
013 XXXXXXXXXXXXXXXXX
014 XXXXXXXXXXXXXXXXX
Piece 2 1:
*
*
<got (O): [1, 12]
Plateau 15 17:
    01234567890123456
000 OOOOOOOOOOOOOOOO.
001 OOOOOOOOOOOOoOOO.
002 OOOOOOOOOOOOoO...
003 ......O...O......
004 ..........O...XXX
005 OOOOOOOOOOOO.XXXX
006 OOO..........XXXX
007 OOOO........XXXXX
008 .OO..........XXXX
009 ..............XXX
010 ..............XXX
011 ..............XXX
012 .....XX......XXXX
013 XXXXXXXXXXXXXXXXX
014 XXXXXXXXXXXXXXXXX
Piece 1 2:
**
<got (X): [12, 12]
Plateau 15 17:
    01234567890123456
000 OOOOOOOOOOOOOOOO.
001 OOOOOOOOOOOOOOOO.
002 OOOOOOOOOOOOOO...
003 ......O...O......
004 ..........O...XXX
005 OOOOOOOOOOOO.XXXX
006 OOO..........XXXX
007 OOOO........XXXXX
008 .OO..........XXXX
009 ..............XXX
010 ..............XXX
011 ..............XXX
012 .....XX.....xxXXX
013 XXXXXXXXXXXXXXXXX
014 XXXXXXXXXXXXXXXXX
Piece 1 2:
**
<got (O): [2, 13]
Plateau 15 17:
    01234567890123456
000 OOOOOOOOOOOOOOOO.
001 OOOOOOOOOOOOOOOO.
002 OOOOOOOOOOOOOoo..
003 ......O...O......
004 ..........O...XXX
005 OOOOOOOOOOOO.XXXX
006 OOO..........XXXX
007 OOOO........XXXXX
008 .OO..........XXXX
009 ..............XXX
010 ..............XXX
011 ..............XXX
012 .....XX.....XXXXX
013 XXXXXXXXXXXXXXXXX
014 XXXXXXXXXXXXXXXXX
Piece 2 1:
*
*
<got (X): [3, 16]
Plateau 15 17:
    01234567890123456
000 OOOOOOOOOOOOOOOO.
001 OOOOOOOOOOOOOOOO.
002 OOOOOOOOOOOOOOO..
003 ......O...O.....x
004 ..........O...XXx
005 OOOOOOOOOOOO.XXXX
006 OOO..........XXXX
007 OOOO........XXXXX
008 .OO..........XXXX
009 ..............XXX
010 ..............XXX
011 ..............XXX
012 .....XX.....XXXXX
013 XXXXXXXXXXXXXXXXX
014 XXXXXXXXXXXXXXXXX
Piece 2 2:
.*
**
<got (O): [2, 0]
Plateau 15 17:
    01234567890123456
000 OOOOOOOOOOOOOOOO.
001 OOOOOOOOOOOOOOOO.
002 OoOOOOOOOOOOOOO..
003 oo....O...O.....X
004 ..........O...XXX
005 OOOOOOOOOOOO.XXXX
006 OOO..........XXXX
007 OOOO........XXXXX
008 .OO..........XXXX
009 ..............XXX
010 ..............XXX
011 ..............XXX
012 .....XX.....XXXXX
013 XXXXXXXXXXXXXXXXX
014 XXXXXXXXXXXXXXXXX
Piece 2 1:
*
*
<got (X): [12, 11]
Plateau 15 17:
    01234567890123456
000 OOOOOOOOOOOOOOOO.
001 OOOOOOOOOOOOOOOO.
002 OOOOOOOOOOOOOOO..
003 OO....O...O.....X
004 ..........O...XXX
005 OOOOOOOOOOOO.XXXX
006 OOO..........XXXX
007 OOOO........XXXXX
008 .OO..........XXXX
009 ..............XXX
010 ..............XXX
011 ..............XXX
012 .....XX....xXXXXX
013 XXXXXXXXXXXxXXXXX
014 XXXXXXXXXXXXXXXXX
Piece 2 3:
...
***
<got (O): [2, 1]
Plateau 15 17:
    01234567890123456
000 OOOOOOOOOOOOOOOO.
001 OOOOOOOOOOOOOOOO.
002 OOOOOOOOOOOOOOO..
003 Oooo..O...O.....X
004 ..........O...XXX
005 OOOOOOOOOOOO.XXXX
006 OOO..........XXXX
007 OOOO........XXXXX
008 .OO..........XXXX
009 ..............XXX
010 ..............XXX
011 ..............XXX
012 .....XX....XXXXXX
013 XXXXXXXXXXXXXXXXX
014 XXXXXXXXXXXXXXXXX
Piece 2 1:
*
*
<got (X): [2, 16]
Plateau 15 17:
    01234567890123456
000 OOOOOOOOOOOOOOOO.
001 OOOOOOOOOOOOOOOO.
002 OOOOOOOOOOOOOOO.x
003 OOOO..O...O.....x
004 ..........O...XXX
005 OOOOOOOOOOOO.XXXX
006 OOO..........XXXX
007 OOOO........XXXXX
008 .OO..........XXXX
009 ..............XXX
010 ..............XXX
011 ..............XXX
012 .....XX....XXXXXX
013 XXXXXXXXXXXXXXXXX
014 XXXXXXXXXXXXXXXXX
Piece 2 3:
.**
...
<got (O): [2, 13]
Plateau 15 17:
    01234567890123456
000 OOOOOOOOOOOOOOOO.
001 OOOOOOOOOOOOOOOO.
002 OOOOOOOOOOOOOOooX
003 OOOO..O...O.....X
004 ..........O...XXX
005 OOOOOOOOOOOO.XXXX
006 OOO..........XXXX
007 OOOO........XXXXX
008 .OO..........XXXX
009 ..............XXX
010 ..............XXX
011 ..............XXX
012 .....XX....XXXXXX
013 XXXXXXXXXXXXXXXXX
014 XXXXXXXXXXXXXXXXX
Piece 2 1:
*
*
<got (X): [12, 10]
Plateau 15 17:
    01234567890123456
000 OOOOOOOOOOOOOOOO.
001 OOOOOOOOOOOOOOOO.
002 OOOOOOOOOOOOOOOOX
003 OOOO..O...O.....X
004 ..........O...XXX
005 OOOOOOOOOOOO.XXXX
006 OOO..........XXXX
007 OOOO........XXXXX
008 .OO..........XXXX
009 ..............XXX
010 ..............XXX
011 ..............XXX
012 .....XX...xXXXXXX
013 XXXXXXXXXXxXXXXXX
014 XXXXXXXXXXXXXXXXX
Piece 2 1:
*
*
<got (O): [2, 4]
Plateau 15 17:
    01234567890123456
000 OOOOOOOOOOOOOOOO.
001 OOOOOOOOOOOOOOOO.
002 OOOOoOOOOOOOOOOOX
003 OOOOo.O...O.....X
004 ..........O...XXX
005 OOOOOOOOOOOO.XXXX
006 OOO..........XXXX
007 OOOO........XXXXX
008 .OO..........XXXX
009 ..............XXX
010 ..............XXX
011 ..............XXX
012 .....XX...XXXXXXX
013 XXXXXXXXXXXXXXXXX
014 XXXXXXXXXXXXXXXXX
Piece 1 2:
**
<got (X): [3, 15]
Plateau 15 17:
    01234567890123456
000 OOOOOOOOOOOOOOOO.
001 OOOOOOOOOOOOOOOO.
002 OOOOOOOOOOOOOOOOX
003 OOOOO.O...O....xx
004 ..........O...XXX
005 OOOOOOOOOOOO.XXXX
006 OOO..........XXXX
007 OOOO........XXXXX
008 .OO..........XXXX
009 ..............XXX
010 ..............XXX
011 ..............XXX
012 .....XX...XXXXXXX
013 XXXXXXXXXXXXXXXXX
014 XXXXXXXXXXXXXXXXX
Piece 1 3:
***
<got (O): [3, 5]
Plateau 15 17:
    01234567890123456
000 OOOOOOOOOOOOOOOO.
001 OOOOOOOOOOOOOOOO.
002 OOOOOOOOOOOOOOOOX
003 OOOOOooo..O....XX
004 ..........O...XXX
005 OOOOOOOOOOOO.XXXX
006 OOO..........XXXX
007 OOOO........XXXXX
008 .OO..........XXXX
009 ..............XXX
010 ..............XXX
011 ..............XXX
012 .....XX...XXXXXXX
013 XXXXXXXXXXXXXXXXX
014 XXXXXXXXXXXXXXXXX
Piece 2 2:
**
..
<got (X): [12, 9]
Plateau 15 17:
    01234567890123456
000 OOOOOOOOOOOOOOOO.
001 OOOOOOOOOOOOOOOO.
002 OOOOOOOOOOOOOOOOX
003 OOOOOOOO..O....XX
004 ..........O...XXX
005 OOOOOOOOOOOO.XXXX
006 OOO..........XXXX
007 OOOO........XXXXX
008 .OO..........XXXX
009 ..............XXX
010 ..............XXX
011 ..............XXX
012 .....XX..xxXXXXXX
013 XXXXXXXXXXXXXXXXX
014 XXXXXXXXXXXXXXXXX
Piece 2 3:
*..
*..
<got (O): [2, 8]
Plateau 15 17:
    01234567890123456
000 OOOOOOOOOOOOOOOO.
001 OOOOOOOOOOOOOOOO.
002 OOOOOOOOoOOOOOOOX
003 OOOOOOOOo.O....XX
004 ..........O...XXX
005 OOOOOOOOOOOO.XXXX
006 OOO..........XXXX
007 OOOO........XXXXX
008 .OO..........XXXX
009 ..............XXX
010 ..............XXX
011 ..............XXX
012 .....XX..XXXXXXXX
013 XXXXXXXXXXXXXXXXX
014 XXXXXXXXXXXXXXXXX
Piece 2 2:
*.
*.
<got (X): [3, 14]
Plateau 15 17:
    01234567890123456
000 OOOOOOOOOOOOOOOO.
001 OOOOOOOOOOOOOOOO.
002 OOOOOOOOOOOOOOOOX
003 OOOOOOOOO.O...xXX
004 ..........O...xXX
005 OOOOOOOOOOOO.XXXX
006 OOO..........XXXX
007 OOOO........XXXXX
008 .OO..........XXXX
009 ..............XXX
010 ..............XXX
011 ..............XXX
012 .....XX..XXXXXXXX
013 XXXXXXXXXXXXXXXXX
014 XXXXXXXXXXXXXXXXX
Piece 2 2:
**
..
<got (O): [3, 8]
Plateau 15 17:
    01234567890123456
000 OOOOOOOOOOOOOOOO.
001 OOOOOOOOOOOOOOOO.
002 OOOOOOOOOOOOOOOOX
003 OOOOOOOOooO...XXX
004 ..........O...XXX
005 OOOOOOOOOOOO.XXXX
006 OOO..........XXXX
007 OOOO........XXXXX
008 .OO..........XXXX
009 ..............XXX
010 ..............XXX
011 ..............XXX
012 .....XX..XXXXXXXX
013 XXXXXXXXXXXXXXXXX
014 XXXXXXXXXXXXXXXXX
Piece 1 2:
**
<got (X): [12, 8]
Plateau 15 17:
    01234567890123456
000 OOOOOOOOOOOOOOOO.
001 OOOOOOOOOOOOOOOO.
002 OOOOOOOOOOOOOOOOX
003 OOOOOOOOOOO...XXX
004 ..........O...XXX
005 OOOOOOOOOOOO.XXXX
006 OOO..........XXXX
007 OOOO........XXXXX
008 .OO..........XXXX
009 ..............XXX
010 ..............XXX
011 ..............XXX
012 .....XX.xxXXXXXXX
013 XXXXXXXXXXXXXXXXX
014 XXXXXXXXXXXXXXXXX
Piece 2 3:
..*
.**
<got (O): [2, 10]
Plateau 15 17:
    01234567890123456
000 OOOOOOOOOOOOOOOO.
001 OOOOOOOOOOOOOOOO.
002 OOOOOOOOOOOOoOOOX
003 OOOOOOOOOOOoo.XXX
004 ..........O...XXX
005 OOOOOOOOOOOO.XXXX
006 OOO..........XXXX
007 OOOO........XXXXX
008 .OO..........XXXX
009 ..............XXX
010 ..............XXX
011 ..............XXX
012 .....XX.XXXXXXXXX
013 XXXXXXXXXXXXXXXXX
014 XXXXXXXXXXXXXXXXX
Piece 2 3:
.**
.**
<got (X): [4, 11]
Plateau 15 17:
    01234567890123456
000 OOOOOOOOOOOOOOOO.
001 OOOOOOOOOOOOOOOO.
002 OOOOOOOOOOOOOOOOX
003 OOOOOOOOOOOOO.XXX
004 ..........O.xxXXX
005 OOOOOOOOOOOOxxXXX
006 OOO..........XXXX
007 OOOO........XXXXX
008 .OO..........XXXX
009 ..............XXX
010 ..............XXX
011 ..............XXX
012 .....XX.XXXXXXXXX
013 XXXXXXXXXXXXXXXXX
014 XXXXXXXXXXXXXXXXX
Piece 2 3:
.**
...
<got (O): [3, 11]
Plateau 15 17:
    01234567890123456
000 OOOOOOOOOOOOOOOO.
001 OOOOOOOOOOOOOOOO.
002 OOOOOOOOOOOOOOOOX
003 OOOOOOOOOOOOooXXX
004 ..........O.XXXXX
005 OOOOOOOOOOOOXXXXX
006 OOO..........XXXX
007 OOOO........XXXXX
008 .OO..........XXXX
009 ..............XXX
010 ..............XXX
011 ..............XXX
012 .....XX.XXXXXXXXX
013 XXXXXXXXXXXXXXXXX
014 XXXXXXXXXXXXXXXXX
Piece 2 3:
***
.*.
<got (X): [12, 2]
Plateau 15 17:
    01234567890123456
000 OOOOOOOOOOOOOOOO.
001 OOOOOOOOOOOOOOOO.
002 OOOOOOOOOOOOOOOOX
003 OOOOOOOOOOOOOOXXX
004 ..........O.XXXXX
005 OOOOOOOOOOOOXXXXX
006 OOO..........XXXX
007 OOOO........XXXXX
008 .OO..........XXXX
009 ..............XXX
010 ..............XXX
011 ..............XXX
012 ..xxxXX.XXXXXXXXX
013 XXXxXXXXXXXXXXXXX
014 XXXXXXXXXXXXXXXXX
Piece 1 3:
.**
<got (O): [4, 8]
Plateau 15 17:
    01234567890123456
000 OOOOOOOOOOOOOOOO.
001 OOOOOOOOOOOOOOOO.
002 OOOOOOOOOOOOOOOOX
003 OOOOOOOOOOOOOOXXX
004 .........oo.XXXXX
005 OOOOOOOOOOOOXXXXX
006 OOO..........XXXX
007 OOOO........XXXXX
008 .OO..........XXXX
009 ..............XXX
010 ..............XXX
011 ..............XXX
012 ..XXXXX.XXXXXXXXX
013 XXXXXXXXXXXXXXXXX
014 XXXXXXXXXXXXXXXXX
Piece 2 2:
*.
*.
<got (X): [8, 13]
Plateau 15 17:
    01234567890123456
000 OOOOOOOOOOOOOOOO.
001 OOOOOOOOOOOOOOOO.
002 OOOOOOOOOOOOOOOOX
003 OOOOOOOOOOOOOOXXX
004 .........OO.XXXXX
005 OOOOOOOOOOOOXXXXX
006 OOO..........XXXX
007 OOOO........XXXXX
008 .OO..........xXXX
009 .............xXXX
010 ..............XXX
011 ..............XXX
012 ..XXXXX.XXXXXXXXX
013 XXXXXXXXXXXXXXXXX
014 XXXXXXXXXXXXXXXXX
Piece 2 3:
.*.
***
<got (O): [3, 0]
Plateau 15 17:
    01234567890123456
000 OOOOOOOOOOOOOOOO.
001 OOOOOOOOOOOOOOOO.
002 OOOOOOOOOOOOOOOOX
003 OoOOOOOOOOOOOOXXX
004 ooo......OO.XXXXX
005 OOOOOOOOOOOOXXXXX
006 OOO..........XXXX
007 OOOO........XXXXX
008 .OO..........XXXX
009 .............XXXX
010 ..............XXX
011 ..............XXX
012 ..XXXXX.XXXXXXXXX
013 XXXXXXXXXXXXXXXXX
014 XXXXXXXXXXXXXXXXX
Piece 2 3:
.**
...
<got (X): [12, 6]
Plateau 15 17:
    01234567890123456
000 OOOOOOOOOOOOOOOO.
001 OOOOOOOOOOOOOOOO.
002 OOOOOOOOOOOOOOOOX
003 OOOOOOOOOOOOOOXXX
004 OOO......OO.XXXXX
005 OOOOOOOOOOOOXXXXX
006 OOO..........XXXX
007 OOOO........XXXXX
008 .OO..........XXXX
009 .............XXXX
010 ..............XXX
011 ..............XXX
012 ..XXXXXxxXXXXXXXX
013 XXXXXXXXXXXXXXXXX
014 XXXXXXXXXXXXXXXXX
Piece 2 1:
*
*
<got (O): [3, 3]
Plateau 15 17:
    01234567890123456
000 OOOOOOOOOOOOOOOO.
001 OOOOOOOOOOOOOOOO.
002 OOOOOOOOOOOOOOOOX
003 OOOoOOOOOOOOOOXXX
004 OOOo.....OO.XXXXX
005 OOOOOOOOOOOOXXXXX
006 OOO..........XXXX
007 OOOO........XXXXX
008 .OO..........XXXX
009 .............XXXX
010 ..............XXX
011 ..............XXX
012 ..XXXXXXXXXXXXXXX
013 XXXXXXXXXXXXXXXXX
014 XXXXXXXXXXXXXXXXX
Piece 1 2:
**
<got (X): [10, 13]
Plateau 15 17:
    01234567890123456
000 OOOOOOOOOOOOOOOO.
001 OOOOOOOOOOOOOOOO.
002 OOOOOOOOOOOOOOOOX
003 OOOOOOOOOOOOOOXXX
004 OOOO.....OO.XXXXX
005 OOOOOOOOOOOOXXXXX
006 OOO..........XXXX
007 OOOO........XXXXX
008 .OO..........XXXX
009 .............XXXX
010 .............xxXX
011 ..............XXX
012 ..XXXXXXXXXXXXXXX
013 XXXXXXXXXXXXXXXXX
014 XXXXXXXXXXXXXXXXX
Piece 2 1:
*
*
<got (O): [3, 4]
Plateau 15 17:
    01234567890123456
000 OOOOOOOOOOOOOOOO.
001 OOOOOOOOOOOOOOOO.
002 OOOOOOOOOOOOOOOOX
003 OOOOoOOOOOOOOOXXX
004 OOOOo....OO.XXXXX
005 OOOOOOOOOOOOXXXXX
006 OOO..........XXXX
007 OOOO........XXXXX
008 .OO..........XXXX
009 .............XXXX
010 .............XXXX
011 ..............XXX
012 ..XXXXXXXXXXXXXXX
013 XXXXXXXXXXXXXXXXX
014 XXXXXXXXXXXXXXXXX
Piece 1 2:
**
<got (X): [12, 1]
Plateau 15 17:
    01234567890123456
000 OOOOOOOOOOOOOOOO.
001 OOOOOOOOOOOOOOOO.
002 OOOOOOOOOOOOOOOOX
003 OOOOOOOOOOOOOOXXX
004 OOOOO....OO.XXXXX
005 OOOOOOOOOOOOXXXXX
006 OOO..........XXXX
007 OOOO........XXXXX
008 .OO..........XXXX
009 .............XXXX
010 .............XXXX
011 ..............XXX
012 .xxXXXXXXXXXXXXXX
013 XXXXXXXXXXXXXXXXX
014 XXXXXXXXXXXXXXXXX
Piece 1 3:
.**
<got (O): [4, 3]
Plateau 15 17:
    01234567890123456
000 OOOOOOOOOOOOOOOO.
001 OOOOOOOOOOOOOOOO.
002 OOOOOOOOOOOOOOOOX
003 OOOOOOOOOOOOOOXXX
004 OOOOoo...OO.XXXXX
005 OOOOOOOOOOOOXXXXX
006 OOO..........XXXX
007 OOOO........XXXXX
008 .OO..........XXXX
009 .............XXXX
010 .............XXXX
011 ..............XXX
012 .XXXXXXXXXXXXXXXX
013 XXXXXXXXXXXXXXXXX
014 XXXXXXXXXXXXXXXXX
Piece 2 2:
**
..
<got (X): [11, 13]
Plateau 15 17:
    01234567890123456
000 OOOOOOOOOOOOOOOO.
001 OOOOOOOOOOOOOOOO.
002 OOOOOOOOOOOOOOOOX
003 OOOOOOOOOOOOOOXXX
004 OOOOOO...OO.XXXXX
005 OOOOOOOOOOOOXXXXX
006 OOO..........XXXX
007 OOOO........XXXXX
008 .OO..........XXXX
009 .............XXXX
010 .............XXXX
011 .............xxXX
012 .XXXXXXXXXXXXXXXX
013 XXXXXXXXXXXXXXXXX
014 XXXXXXXXXXXXXXXXX
Piece 1 3:
***
<got (O): [4, 5]
Plateau 15 17:
    01234567890123456
000 OOOOOOOOOOOOOOOO.
001 OOOOOOOOOOOOOOOO.
002 OOOOOOOOOOOOOOOOX
003 OOOOOOOOOOOOOOXXX
004 OOOOOooo.OO.XXXXX
005 OOOOOOOOOOOOXXXXX
006 OOO..........XXXX
007 OOOO........XXXXX
008 .OO..........XXXX
009 .............XXXX
010 .............XXXX
011 .............XXXX
012 .XXXXXXXXXXXXXXXX
013 XXXXXXXXXXXXXXXXX
014 XXXXXXXXXXXXXXXXX
Piece 2 2:
**
*.
<got (X): [11, 11]
Plateau 15 17:
    01234567890123456
000 OOOOOOOOOOOOOOOO.
001 OOOOOOOOOOOOOOOO.
002 OOOOOOOOOOOOOOOOX
003 OOOOOOOOOOOOOOXXX
004 OOOOOOOO.OO.XXXXX
005 OOOOOOOOOOOOXXXXX
006 OOO..........XXXX
007 OOOO........XXXXX
008 .OO..........XXXX
009 .............XXXX
010 .............XXXX
011 ...........xxXXXX
012 .XXXXXXXXXXxXXXXX
013 XXXXXXXXXXXXXXXXX
014 XXXXXXXXXXXXXXXXX
Piece 2 1:
*
*
<got (O): [3, 8]
Plateau 15 17:
    01234567890123456
000 OOOOOOOOOOOOOOOO.
001 OOOOOOOOOOOOOOOO.
002 OOOOOOOOOOOOOOOOX
003 OOOOOOOOoOOOOOXXX
004 OOOOOOOOoOO.XXXXX
005 OOOOOOOOOOOOXXXXX
006 OOO..........XXXX
007 OOOO........XXXXX
008 .OO..........XXXX
009 .............XXXX
010 .............XXXX
011 ...........XXXXXX
012 .XXXXXXXXXXXXXXXX
013 XXXXXXXXXXXXXXXXX
014 XXXXXXXXXXXXXXXXX
Piece 2 3:
..*
.**
<got (X): [5, 10]
Plateau 15 17:
    01234567890123456
000 OOOOOOOOOOOOOOOO.
001 OOOOOOOOOOOOOOOO.
002 OOOOOOOOOOOOOOOOX
003 OOOOOOOOOOOOOOXXX
004 OOOOOOOOOOO.XXXXX
005 OOOOOOOOOOOOxXXXX
006 OOO........xxXXXX
007 OOOO........XXXXX
008 .OO..........XXXX
009 .............XXXX
010 .............XXXX
011 ...........XXXXXX
012 .XXXXXXXXXXXXXXXX
013 XXXXXXXXXXXXXXXXX
014 XXXXXXXXXXXXXXXXX
Piece 2 2:
**
**
<got (O): [6, 3]
Plateau 15 17:
    01234567890123456
000 OOOOOOOOOOOOOOOO.
001 OOOOOOOOOOOOOOOO.
002 OOOOOOOOOOOOOOOOX
003 OOOOOOOOOOOOOOXXX
004 OOOOOOOOOOO.XXXXX
005 OOOOOOOOOOOOXXXXX
006 OOOoo......XXXXXX
007 OOOoo.......XXXXX
008 .OO..........XXXX
009 .............XXXX
010 .............XXXX
011 ...........XXXXXX
012 .XXXXXXXXXXXXXXXX
013 XXXXXXXXXXXXXXXXX
014 XXXXXXXXXXXXXXXXX
Piece 2 2:
.*
.*
<got (X): [11, 9]
Plateau 15 17:
    01234567890123456
000 OOOOOOOOOOOOOOOO.
001 OOOOOOOOOOOOOOOO.
002 OOOOOOOOOOOOOOOOX
003 OOOOOOOOOOOOOOXXX
004 OOOOOOOOOOO.XXXXX
005 OOOOOOOOOOOOXXXXX
006 OOOOO......XXXXXX
007 OOOOO.......XXXXX
008 .OO..........XXXX
009 .............XXXX
010 .............XXXX
011 ..........xXXXXXX
012 .XXXXXXXXXxXXXXXX
013 XXXXXXXXXXXXXXXXX
014 XXXXXXXXXXXXXXXXX
Piece 2 2:
**
..
<got (O): [4, 10]
Plateau 15 17:
    01234567890123456
000 OOOOOOOOOOOOOOOO.
001 OOOOOOOOOOOOOOOO.
002 OOOOOOOOOOOOOOOOX
003 OOOOOOOOOOOOOOXXX
004 OOOOOOOOOOooXXXXX
005 OOOOOOOOOOOOXXXXX
006 OOOOO......XXXXXX
007 OOOOO.......XXXXX
008 .OO..........XXXX
009 .............XXXX
010 .............XXXX
011 ..........XXXXXXX
012 .XXXXXXXXXXXXXXXX
013 XXXXXXXXXXXXXXXXX
014 XXXXXXXXXXXXXXXXX
Piece 1 2:
**
<got (X): [8, 12]
Plateau 15 17:
    01234567890123456
000 OOOOOOOOOOOOOOOO.
001 OOOOOOOOOOOOOOOO.
002 OOOOOOOOOOOOOOOOX
003 OOOOOOOOOOOOOOXXX
004 OOOOOOOOOOOOXXXXX
005 OOOOOOOOOOOOXXXXX
006 OOOOO......XXXXXX
007 OOOOO.......XXXXX
008 .OO.........xxXXX
009 .............XXXX
010 .............XXXX
011 ..........XXXXXXX
012 .XXXXXXXXXXXXXXXX
013 XXXXXXXXXXXXXXXXX
014 XXXXXXXXXXXXXXXXX
Piece 2 2:
.*
**
<got (O): [5, 5]
Plateau 15 17:
    01234567890123456
000 OOOOOOOOOOOOOOOO.
001 OOOOOOOOOOOOOOOO.
002 OOOOOOOOOOOOOOOOX
003 OOOOOOOOOOOOOOXXX
004 OOOOOOOOOOOOXXXXX
005 OOOOOOoOOOOOXXXXX
006 OOOOOoo....XXXXXX
007 OOOOO.......XXXXX
008 .OO.........XXXXX
009 .............XXXX
010 .............XXXX
011 ..........XXXXXXX
012 .XXXXXXXXXXXXXXXX
013 XXXXXXXXXXXXXXXXX
014 XXXXXXXXXXXXXXXXX
Piece 1 3:
.**
<got (X): [11, 8]
Plateau 15 17:
    01234567890123456
000 OOOOOOOOOOOOOOOO.
001 OOOOOOOOOOOOOOOO.
002 OOOOOOOOOOOOOOOOX
003 OOOOOOOOOOOOOOXXX
004 OOOOOOOOOOOOXXXXX
005 OOOOOOOOOOOOXXXXX
006 OOOOOOO....XXXXXX
007 OOOOO.......XXXXX
008 .OO.........XXXXX
009 .............XXXX
010 .............XXXX
011 .........xxXXXXXX
012 .XXXXXXXXXXXXXXXX
013 XXXXXXXXXXXXXXXXX
014 XXXXXXXXXXXXXXXXX
Piece 1 3:
.**
<got (O): [6, 5]
Plateau 15 17:
    01234567890123456
000 OOOOOOOOOOOOOOOO.
001 OOOOOOOOOOOOOOOO.
002 OOOOOOOOOOOOOOOOX
003 OOOOOOOOOOOOOOXXX
004 OOOOOOOOOOOOXXXXX
005 OOOOOOOOOOOOXXXXX
006 OOOOOOoo...XXXXXX
007 OOOOO.......XXXXX
008 .OO.........XXXXX
009 .............XXXX
010 .............XXXX
011 .........XXXXXXXX
012 .XXXXXXXXXXXXXXXX
013 XXXXXXXXXXXXXXXXX
014 XXXXXXXXXXXXXXXXX
Piece 1 3:
***
<got (X): [9, 11]
Plateau 15 17:
    01234567890123456
000 OOOOOOOOOOOOOOOO.
001 OOOOOOOOOOOOOOOO.
002 OOOOOOOOOOOOOOOOX
003 OOOOOOOOOOOOOOXXX
004 OOOOOOOOOOOOXXXXX
005 OOOOOOOOOOOOXXXXX
006 OOOOOOOO...XXXXXX
007 OOOOO.......XXXXX
008 .OO.........XXXXX
009 ...........xxxXXX
010 .............XXXX
011 .........XXXXXXXX
012 .XXXXXXXXXXXXXXXX
013 XXXXXXXXXXXXXXXXX
014 XXXXXXXXXXXXXXXXX
Piece 2 3:
.*.
.**
<got (O): [5, 7]
Plateau 15 17:
    01234567890123456
000 OOOOOOOOOOOOOOOO.
001 OOOOOOOOOOOOOOOO.
002 OOOOOOOOOOOOOOOOX
003 OOOOOOOOOOOOOOXXX
004 OOOOOOOOOOOOXXXXX
005 OOOOOOOOoOOOXXXXX
006 OOOOOOOOoo.XXXXXX
007 OOOOO.......XXXXX
008 .OO.........XXXXX
009 ...........XXXXXX
010 .............XXXX
011 .........XXXXXXXX
012 .XXXXXXXXXXXXXXXX
013 XXXXXXXXXXXXXXXXX
014 XXXXXXXXXXXXXXXXX
Piece 2 2:
**
..
<got (X): [12, 0]
Plateau 15 17:
    01234567890123456
000 OOOOOOOOOOOOOOOO.
001 OOOOOOOOOOOOOOOO.
002 OOOOOOOOOOOOOOOOX
003 OOOOOOOOOOOOOOXXX
004 OOOOOOOOOOOOXXXXX
005 OOOOOOOOOOOOXXXXX
006 OOOOOOOOOO.XXXXXX
007 OOOOO.......XXXXX
008 .OO.........XXXXX
009 ...........XXXXXX
010 .............XXXX
011 .........XXXXXXXX
012 xxXXXXXXXXXXXXXXX
013 XXXXXXXXXXXXXXXXX
014 XXXXXXXXXXXXXXXXX
Piece 2 2:
*.
*.
<got (O): [5, 10]
Plateau 15 17:
    01234567890123456
000 OOOOOOOOOOOOOOOO.
001 OOOOOOOOOOOOOOOO.
002 OOOOOOOOOOOOOOOOX
003 OOOOOOOOOOOOOOXXX
004 OOOOOOOOOOOOXXXXX
005 OOOOOOOOOOoOXXXXX
006 OOOOOOOOOOoXXXXXX
007 OOOOO.......XXXXX
008 .OO.........XXXXX
009 ...........XXXXXX
010 .............XXXX
011 .........XXXXXXXX
012 XXXXXXXXXXXXXXXXX
013 XXXXXXXXXXXXXXXXX
014 XXXXXXXXXXXXXXXXX
Piece 2 2:
*.
*.
<got (X): [9, 12]
Plateau 15 17:
    01234567890123456
000 OOOOOOOOOOOOOOOO.
001 OOOOOOOOOOOOOOOO.
002 OOOOOOOOOOOOOOOOX
003 OOOOOOOOOOOOOOXXX
004 OOOOOOOOOOOOXXXXX
005 OOOOOOOOOOOOXXXXX
006 OOOOOOOOOOOXXXXXX
007 OOOOO.......XXXXX
008 .OO.........XXXXX
009 ...........XxXXXX
010 ............xXXXX
011 .........XXXXXXXX
012 XXXXXXXXXXXXXXXXX
013 XXXXXXXXXXXXXXXXX
014 XXXXXXXXXXXXXXXXX
Piece 2 2:
**
.*
<got (O): [7, 4]
Plateau 15 17:
    01234567890123456
000 OOOOOOOOOOOOOOOO.
001 OOOOOOOOOOOOOOOO.
002 OOOOOOOOOOOOOOOOX
003 OOOOOOOOOOOOOOXXX
004 OOOOOOOOOOOOXXXXX
005 OOOOOOOOOOOOXXXXX
006 OOOOOOOOOOOXXXXXX
007 OOOOoo......XXXXX
008 .OO..o......XXXXX
009 ...........XXXXXX
010 ............XXXXX
011 .........XXXXXXXX
012 XXXXXXXXXXXXXXXXX
013 XXXXXXXXXXXXXXXXX
014 XXXXXXXXXXXXXXXXX
Piece 1 3:
.**
<got (X): [11, 7]
Plateau 15 17:
    01234567890123456
000 OOOOOOOOOOOOOOOO.
001 OOOOOOOOOOOOOOOO.
002 OOOOOOOOOOOOOOOOX
003 OOOOOOOOOOOOOOXXX
004 OOOOOOOOOOOOXXXXX
005 OOOOOOOOOOOOXXXXX
006 OOOOOOOOOOOXXXXXX
007 OOOOOO......XXXXX
008 .OO..O......XXXXX
009 ...........XXXXXX
010 ............XXXXX
011 ........xxXXXXXXX
012 XXXXXXXXXXXXXXXXX
013 XXXXXXXXXXXXXXXXX
014 XXXXXXXXXXXXXXXXX
Piece 1 3:
.**
<got (O): [7, 4]
Plateau 15 17:
    01234567890123456
000 OOOOOOOOOOOOOOOO.
001 OOOOOOOOOOOOOOOO.
002 OOOOOOOOOOOOOOOOX
003 OOOOOOOOOOOOOOXXX
004 OOOOOOOOOOOOXXXXX
005 OOOOOOOOOOOOXXXXX
006 OOOOOOOOOOOXXXXXX
007 OOOOOoo.....XXXXX
008 .OO..O......XXXXX
009 ...........XXXXXX
010 ............XXXXX
011 ........XXXXXXXXX
012 XXXXXXXXXXXXXXXXX
013 XXXXXXXXXXXXXXXXX
014 XXXXXXXXXXXXXXXXX
Piece 2 2:
.*
.*
<got (X): [1, 15]
Plateau 15 17:
    01234567890123456
000 OOOOOOOOOOOOOOOO.
001 OOOOOOOOOOOOOOOOx
002 OOOOOOOOOOOOOOOOx
003 OOOOOOOOOOOOOOXXX
004 OOOOOOOOOOOOXXXXX
005 OOOOOOOOOOOOXXXXX
006 OOOOOOOOOOOXXXXXX
007 OOOOOOO.....XXXXX
008 .OO..O......XXXXX
009 ...........XXXXXX
010 ............XXXXX
011 ........XXXXXXXXX
012 XXXXXXXXXXXXXXXXX
013 XXXXXXXXXXXXXXXXX
014 XXXXXXXXXXXXXXXXX
Piece 2 2:
*.
*.
<got (O): [6, 7]
Plateau 15 17:
    01234567890123456
000 OOOOOOOOOOOOOOOO.
001 OOOOOOOOOOOOOOOOX
002 OOOOOOOOOOOOOOOOX
003 OOOOOOOOOOOOOOXXX
004 OOOOOOOOOOOOXXXXX
005 OOOOOOOOOOOOXXXXX
006 OOOOOOOoOOOXXXXXX
007 OOOOOOOo....XXXXX
008 .OO..O......XXXXX
009 ...........XXXXXX
010 ............XXXXX
011 ........XXXXXXXXX
012 XXXXXXXXXXXXXXXXX
013 XXXXXXXXXXXXXXXXX
014 XXXXXXXXXXXXXXXXX
Piece 2 3:
*..
*..
<got (X): [11, 7]
Plateau 15 17:
    01234567890123456
000 OOOOOOOOOOOOOOOO.
001 OOOOOOOOOOOOOOOOX
002 OOOOOOOOOOOOOOOOX
003 OOOOOOOOOOOOOOXXX
004 OOOOOOOOOOOOXXXXX
005 OOOOOOOOOOOOXXXXX
006 OOOOOOOOOOOXXXXXX
007 OOOOOOOO....XXXXX
008 .OO..O......XXXXX
009 ...........XXXXXX
010 ............XXXXX
011 .......xXXXXXXXXX
012 XXXXXXXxXXXXXXXXX
013 XXXXXXXXXXXXXXXXX
014 XXXXXXXXXXXXXXXXX
Piece 1 2:
**
<got (O): [7, 7]
Plateau 15 17:
    01234567890123456
000 OOOOOOOOOOOOOOOO.
001 OOOOOOOOOOOOOOOOX
002 OOOOOOOOOOOOOOOOX
003 OOOOOOOOOOOOOOXXX
004 OOOOOOOOOOOOXXXXX
005 OOOOOOOOOOOOXXXXX
006 OOOOOOOOOOOXXXXXX
007 OOOOOOOoo...XXXXX
008 .OO..O......XXXXX
009 ...........XXXXXX
010 ............XXXXX
011 .......XXXXXXXXXX
012 XXXXXXXXXXXXXXXXX
013 XXXXXXXXXXXXXXXXX
014 XXXXXXXXXXXXXXXXX
Piece 2 2:
*.
**
<got (X): [7, 11]
Plateau 15 17:
    01234567890123456
000 OOOOOOOOOOOOOOOO.
001 OOOOOOOOOOOOOOOOX
002 OOOOOOOOOOOOOOOOX
003 OOOOOOOOOOOOOOXXX
004 OOOOOOOOOOOOXXXXX
005 OOOOOOOOOOOOXXXXX
006 OOOOOOOOOOOXXXXXX
007 OOOOOOOOO..xXXXXX
008 .OO..O.....xxXXXX
009 ...........XXXXXX
010 ............XXXXX
011 .......XXXXXXXXXX
012 XXXXXXXXXXXXXXXXX
013 XXXXXXXXXXXXXXXXX
014 XXXXXXXXXXXXXXXXX
Piece 1 2:
**
<got (O): [7, 8]
Plateau 15 17:
    01234567890123456
000 OOOOOOOOOOOOOOOO.
001 OOOOOOOOOOOOOOOOX
002 OOOOOOOOOOOOOOOOX
003 OOOOOOOOOOOOOOXXX
004 OOOOOOOOOOOOXXXXX
005 OOOOOOOOOOOOXXXXX
006 OOOOOOOOOOOXXXXXX
007 OOOOOOOOoo.XXXXXX
008 .OO..O.....XXXXXX
009 ...........XXXXXX
010 ............XXXXX
011 .......XXXXXXXXXX
012 XXXXXXXXXXXXXXXXX
013 XXXXXXXXXXXXXXXXX
014 XXXXXXXXXXXXXXXXX
Piece 2 2:
**
**
<got (X): [10, 6]
Plateau 15 17:
    01234567890123456
000 OOOOOOOOOOOOOOOO.
001 OOOOOOOOOOOOOOOOX
002 OOOOOOOOOOOOOOOOX
003 OOOOOOOOOOOOOOXXX
004 OOOOOOOOOOOOXXXXX
005 OOOOOOOOOOOOXXXXX
006 OOOOOOOOOOOXXXXXX
007 OOOOOOOOOO.XXXXXX
008 .OO..O.....XXXXXX
009 ...........XXXXXX
010 ......xx....XXXXX
011 ......xxXXXXXXXXX
012 XXXXXXXXXXXXXXXXX
013 XXXXXXXXXXXXXXXXX
014 XXXXXXXXXXXXXXXXX
Piece 4 7:
.......
.......
...****
......*
<got (O): [6, 0]
Plateau 15 17:
    01234567890123456
000 OOOOOOOOOOOOOOOO.
001 OOOOOOOOOOOOOOOOX
002 OOOOOOOOOOOOOOOOX
003 OOOOOOOOOOOOOOXXX
004 OOOOOOOOOOOOXXXXX
005 OOOOOOOOOOOOXXXXX
006 OOOOOOOOOOOXXXXXX
007 OOOOOOOOOO.XXXXXX
008 .OOoooo....XXXXXX
009 ......o....XXXXXX
010 ......XX....XXXXX
011 ......XXXXXXXXXXX
012 XXXXXXXXXXXXXXXXX
013 XXXXXXXXXXXXXXXXX
014 XXXXXXXXXXXXXXXXX
Piece 1 2:
**
<got (X): [10, 11]
Plateau 15 17:
    01234567890123456
000 OOOOOOOOOOOOOOOO.
001 OOOOOOOOOOOOOOOOX
002 OOOOOOOOOOOOOOOOX
003 OOOOOOOOOOOOOOXXX
004 OOOOOOOOOOOOXXXXX
005 OOOOOOOOOOOOXXXXX
006 OOOOOOOOOOOXXXXXX
007 OOOOOOOOOO.XXXXXX
008 .OOOOOO....XXXXXX
009 ......O....XXXXXX
010 ......XX...xxXXXX
011 ......XXXXXXXXXXX
012 XXXXXXXXXXXXXXXXX
013 XXXXXXXXXXXXXXXXX
014 XXXXXXXXXXXXXXXXX
Piece 1 3:
***
<got (O): [8, 6]
Plateau 15 17:
    01234567890123456
000 OOOOOOOOOOOOOOOO.
001 OOOOOOOOOOOOOOOOX
002 OOOOOOOOOOOOOOOOX
003 OOOOOOOOOOOOOOXXX
004 OOOOOOOOOOOOXXXXX
005 OOOOOOOOOOOOXXXXX
006 OOOOOOOOOOOXXXXXX
007 OOOOOOOOOO.XXXXXX
008 .OOOOOooo..XXXXXX
009 ......O....XXXXXX
010 ......XX...XXXXXX
011 ......XXXXXXXXXXX
012 XXXXXXXXXXXXXXXXX
013 XXXXXXXXXXXXXXXXX
014 XXXXXXXXXXXXXXXXX
Piece 2 2:
**
.*
<got (X): [11, 4]
Plateau 15 17:
    01234567890123456
000 OOOOOOOOOOOOOOOO.
001 OOOOOOOOOOOOOOOOX
002 OOOOOOOOOOOOOOOOX
003 OOOOOOOOOOOOOOXXX
004 OOOOOOOOOOOOXXXXX
005 OOOOOOOOOOOOXXXXX
006 OOOOOOOOOOOXXXXXX
007 OOOOOOOOOO.XXXXXX
008 .OOOOOOOO..XXXXXX
009 ......O....XXXXXX
010 ......XX...XXXXXX
011 ....xxXXXXXXXXXXX
012 XXXXXxXXXXXXXXXXX
013 XXXXXXXXXXXXXXXXX
014 XXXXXXXXXXXXXXXXX
Piece 1 2:
**
<got (O): [7, 9]
Plateau 15 17:
    01234567890123456
000 OOOOOOOOOOOOOOOO.
001 OOOOOOOOOOOOOOOOX
002 OOOOOOOOOOOOOOOOX
003 OOOOOOOOOOOOOOXXX
004 OOOOOOOOOOOOXXXXX
005 OOOOOOOOOOOOXXXXX
006 OOOOOOOOOOOXXXXXX
007 OOOOOOOOOooXXXXXX
008 .OOOOOOOO..XXXXXX
009 ......O....XXXXXX
010 ......XX...XXXXXX
011 ....XXXXXXXXXXXXX
012 XXXXXXXXXXXXXXXXX
013 XXXXXXXXXXXXXXXXX
014 XXXXXXXXXXXXXXXXX
Piece 1 2:
**
<got (X): [8, 10]
Plateau 15 17:
    01234567890123456
000 OOOOOOOOOOOOOOOO.
001 OOOOOOOOOOOOOOOOX
002 OOOOOOOOOOOOOOOOX
003 OOOOOOOOOOOOOOXXX
004 OOOOOOOOOOOOXXXXX
005 OOOOOOOOOOOOXXXXX
006 OOOOOOOOOOOXXXXXX
007 OOOOOOOOOOOXXXXXX
008 .OOOOOOOO.xxXXXXX
009 ......O....XXXXXX
010 ......XX...XXXXXX
011 ....XXXXXXXXXXXXX
012 XXXXXXXXXXXXXXXXX
013 XXXXXXXXXXXXXXXXX
014 XXXXXXXXXXXXXXXXX
Piece 2 3:
...
**.
<got (O): [7, 0]
Plateau 15 17:
    01234567890123456
000 OOOOOOOOOOOOOOOO.
001 OOOOOOOOOOOOOOOOX
002 OOOOOOOOOOOOOOOOX
003 OOOOOOOOOOOOOOXXX
004 OOOOOOOOOOOOXXXXX
005 OOOOOOOOOOOOXXXXX
006 OOOOOOOOOOOXXXXXX
007 OOOOOOOOOOOXXXXXX
008 ooOOOOOOO.XXXXXXX
009 ......O....XXXXXX
010 ......XX...XXXXXX
011 ....XXXXXXXXXXXXX
012 XXXXXXXXXXXXXXXXX
013 XXXXXXXXXXXXXXXXX
014 XXXXXXXXXXXXXXXXX
Piece 1 2:
**
<got (X): [11, 3]
Plateau 15 17:
    01234567890123456
000 OOOOOOOOOOOOOOOO.
001 OOOOOOOOOOOOOOOOX
002 OOOOOOOOOOOOOOOOX
003 OOOOOOOOOOOOOOXXX
004 OOOOOOOOOOOOXXXXX
005 OOOOOOOOOOOOXXXXX
006 OOOOOOOOOOOXXXXXX
007 OOOOOOOOOOOXXXXXX
008 OOOOOOOOO.XXXXXXX
009 ......O....XXXXXX
010 ......XX...XXXXXX
011 ...xxXXXXXXXXXXXX
012 XXXXXXXXXXXXXXXXX
013 XXXXXXXXXXXXXXXXX
014 XXXXXXXXXXXXXXXXX
Piece 2 2:
.*
**
<got (O): [8, 0]
Plateau 15 17:
    01234567890123456
000 OOOOOOOOOOOOOOOO.
001 OOOOOOOOOOOOOOOOX
002 OOOOOOOOOOOOOOOOX
003 OOOOOOOOOOOOOOXXX
004 OOOOOOOOOOOOXXXXX
005 OOOOOOOOOOOOXXXXX
006 OOOOOOOOOOOXXXXXX
007 OOOOOOOOOOOXXXXXX
008 OoOOOOOOO.XXXXXXX
009 oo....O....XXXXXX
010 ......XX...XXXXXX
011 ...XXXXXXXXXXXXXX
012 XXXXXXXXXXXXXXXXX
013 XXXXXXXXXXXXXXXXX
014 XXXXXXXXXXXXXXXXX
Piece 1 3:
.**
<got (X): [9, 9]
Plateau 15 17:
    01234567890123456
000 OOOOOOOOOOOOOOOO.
001 OOOOOOOOOOOOOOOOX
002 OOOOOOOOOOOOOOOOX
003 OOOOOOOOOOOOOOXXX
004 OOOOOOOOOOOOXXXXX
005 OOOOOOOOOOOOXXXXX
006 OOOOOOOOOOOXXXXXX
007 OOOOOOOOOOOXXXXXX
008 OOOOOOOOO.XXXXXXX
009 OO....O...xxXXXXX
010 ......XX...XXXXXX
011 ...XXXXXXXXXXXXXX
012 XXXXXXXXXXXXXXXXX
013 XXXXXXXXXXXXXXXXX
014 XXXXXXXXXXXXXXXXX
Piece 2 2:
**
..
<got (O): [8, 8]
Plateau 15 17:
    01234567890123456
000 OOOOOOOOOOOOOOOO.
001 OOOOOOOOOOOOOOOOX
002 OOOOOOOOOOOOOOOOX
003 OOOOOOOOOOOOOOXXX
004 OOOOOOOOOOOOXXXXX
005 OOOOOOOOOOOOXXXXX
006 OOOOOOOOOOOXXXXXX
007 OOOOOOOOOOOXXXXXX
008 OOOOOOOOooXXXXXXX
009 OO....O...XXXXXXX
010 ......XX...XXXXXX
011 ...XXXXXXXXXXXXXX
012 XXXXXXXXXXXXXXXXX
013 XXXXXXXXXXXXXXXXX
014 XXXXXXXXXXXXXXXXX
Piece 2 3:
**.
.**
<got (X): [10, 1]
Plateau 15 17:
    01234567890123456
000 OOOOOOOOOOOOOOOO.
001 OOOOOOOOOOOOOOOOX
002 OOOOOOOOOOOOOOOOX
003 OOOOOOOOOOOOOOXXX
004 OOOOOOOOOOOOXXXXX
005 OOOOOOOOOOOOXXXXX
006 OOOOOOOOOOOXXXXXX
007 OOOOOOOOOOOXXXXXX
008 OOOOOOOOOOXXXXXXX
009 OO....O...XXXXXXX
010 .xx...XX...XXXXXX
011 ..xxXXXXXXXXXXXXX
012 XXXXXXXXXXXXXXXXX
013 XXXXXXXXXXXXXXXXX
014 XXXXXXXXXXXXXXXXX
Piece 2 3:
*..
*..
<got (O): [8, 2]
Plateau 15 17:
    01234567890123456
000 OOOOOOOOOOOOOOOO.
001 OOOOOOOOOOOOOOOOX
002 OOOOOOOOOOOOOOOOX
003 OOOOOOOOOOOOOOXXX
004 OOOOOOOOOOOOXXXXX
005 OOOOOOOOOOOOXXXXX
006 OOOOOOOOOOOXXXXXX
007 OOOOOOOOOOOXXXXXX
008 OOoOOOOOOOXXXXXXX
009 OOo...O...XXXXXXX
010 .XX...XX...XXXXXX
011 ..XXXXXXXXXXXXXXX
012 XXXXXXXXXXXXXXXXX
013 XXXXXXXXXXXXXXXXX
014 XXXXXXXXXXXXXXXXX
Piece 1 3:
***
<got (X): [10, 9]
Plateau 15 17:
    01234567890123456
000 OOOOOOOOOOOOOOOO.
001 OOOOOOOOOOOOOOOOX
002 OOOOOOOOOOOOOOOOX
003 OOOOOOOOOOOOOOXXX
004 OOOOOOOOOOOOXXXXX
005 OOOOOOOOOOOOXXXXX
006 OOOOOOOOOOOXXXXXX
007 OOOOOOOOOOOXXXXXX
008 OOOOOOOOOOXXXXXXX
009 OOO...O...XXXXXXX
010 .XX...XX.xxxXXXXX
011 ..XXXXXXXXXXXXXXX
012 XXXXXXXXXXXXXXXXX
013 XXXXXXXXXXXXXXXXX
014 XXXXXXXXXXXXXXXXX
Piece 2 2:
**
**
<got (O): [-42, -42]
An error occured. aborting...
